<?xml version="1.0" encoding="UTF-8"?>
<!-- Generated by org.testng.reporters.JUnitReportReporter -->
<testsuite hostname="GRB-LDS1W10A01" name="com.cucumber.runner.TestRunner" tests="1" failures="0" timestamp="30 Nov 2017 15:45:27 GMT" time="23.562" errors="0">
  <testcase name="feature" time="23.562" classname="com.cucumber.runner.TestRunner"/>
</testsuite> <!-- com.cucumber.runner.TestRunner -->
