<?xml version="1.0" encoding="UTF-8"?>
<!-- Generated by org.testng.reporters.JUnitReportReporter -->
<testsuite hostname="GRB-LDS1W10A01" name="com.cucumber.runner.TestRunner" tests="1" failures="0" timestamp="25 Jan 2018 11:21:57 GMT" time="15.368" errors="0">
  <testcase name="feature" time="15.368" classname="com.cucumber.runner.TestRunner"/>
</testsuite> <!-- com.cucumber.runner.TestRunner -->
